Did not work for 43539_100 AF will not have files. Skipping that cluster.
Did not work for 20785_100 AF will not have files. Skipping that cluster.
Did not work for 168_100 Could not download file, therefore skipping the cluster
Did not work for 44611_100 AF will not have files. Skipping that cluster.
Did not work for 47112_100 [Errno 2] No such file or directory: '/hpi/fs00/share/fg-naumann/lukas.laskowski/Proteins/final_dataset/47112/2HPL_1_A_.dogsite_desc.txt'
Did not work for 47813_100 [Errno 2] No such file or directory: '/hpi/fs00/share/fg-naumann/lukas.laskowski/Proteins/final_dataset/47813/2MWS_2_B_.dogsite_desc.txt'
Did not work for 54932_100 AF will not have files. Skipping that cluster.
Error executing command occured:  Command '~/Masterarbeit/DogSite3/all_nodes\=linux64ubuntu/dogsite_3.0.0/dogsite -p /hpi/fs00/share/fg-naumann/lukas.laskowski/Proteins/pdb-files//7WOU.pdb -c D -d -o /hpi/fs00/share/fg-naumann/lukas.laskowski/Proteins/final_dataset/10726/7WOU.dogsite -v 1' timed out after 59.999929829034954 seconds
Did not work for 10726_100 [Errno 2] No such file or directory: './error_log.csv'
Did not work for 46252_100 AF will not have files. Skipping that cluster.
Did not work for 33875_100 [Errno 2] No such file or directory: '/hpi/fs00/share/fg-naumann/lukas.laskowski/Proteins/final_dataset/33875/6T40_1_A_.dogsite_desc.txt'
Did not work for 55084_100 [Errno 2] No such file or directory: '/hpi/fs00/share/fg-naumann/lukas.laskowski/Proteins/final_dataset/55084/5COS_1_A_.dogsite_desc.txt'
Did not work for 466_100 AF will not have files. Skipping that cluster.
Did not work for 1697_100 Could not download file, therefore skipping the cluster
Did not work for 4471_100 [Errno 2] No such file or directory: '/hpi/fs00/share/fg-naumann/lukas.laskowski/Proteins/final_dataset/4471/1OQM_1_A_.dogsite_desc.txt'
Did not work for 46481_100 [Errno 2] No such file or directory: '/hpi/fs00/share/fg-naumann/lukas.laskowski/Proteins/final_dataset/46481/2CF4_1_A_.dogsite_desc.txt'
Did not work for 58410_100 [Errno 2] No such file or directory: '/hpi/fs00/share/fg-naumann/lukas.laskowski/Proteins/final_dataset/58410/6H6I_1_A_.dogsite_desc.txt'
Did not work for 51034_100 [Errno 2] No such file or directory: '/hpi/fs00/share/fg-naumann/lukas.laskowski/Proteins/final_dataset/51034/3QDM_4_D_.dogsite_desc.txt'
Did not work for 5695_100 AF will not have files. Skipping that cluster.
Did not work for 52986_100 [Errno 2] No such file or directory: '/hpi/fs00/share/fg-naumann/lukas.laskowski/Proteins/final_dataset/52986/4J5W_2_C_.dogsite_desc.txt'
Did not work for 44538_100 AF will not have files. Skipping that cluster.
Did not work for 21806_100 AF will not have files. Skipping that cluster.
Did not work for 17231_100 Could not download file, therefore skipping the cluster
Did not work for 64542_100 [Errno 2] No such file or directory: '/hpi/fs00/share/fg-naumann/lukas.laskowski/Proteins/final_dataset/64542/8B8K_1_A_.dogsite_desc.txt'
Did not work for 5857_100 AF will not have files. Skipping that cluster.
Did not work for 33116_100 [Errno 2] No such file or directory: '/hpi/fs00/share/fg-naumann/lukas.laskowski/Proteins/final_dataset/33116/6MUO_8_M_.dogsite_desc.txt'
Did not work for 5843_100 [Errno 2] No such file or directory: '/hpi/fs00/share/fg-naumann/lukas.laskowski/Proteins/final_dataset/5843/3BIS_1_A_.dogsite_desc.txt'
Did not work for 31965_100 AF will not have files. Skipping that cluster.
Did not work for 52587_100 AF will not have files. Skipping that cluster.
Did not work for 21425_100 AF will not have files. Skipping that cluster.
Did not work for 50370_100 [Errno 2] No such file or directory: '/hpi/fs00/share/fg-naumann/lukas.laskowski/Proteins/final_dataset/50370/3KUQ_1_A_.dogsite_desc.txt'
Error executing command occured:  Command '~/Masterarbeit/DogSite3/all_nodes\=linux64ubuntu/dogsite_3.0.0/dogsite -p /hpi/fs00/share/fg-naumann/lukas.laskowski/Proteins/pdb-files//6LY5.pdb -c m -d -o /hpi/fs00/share/fg-naumann/lukas.laskowski/Proteins/final_dataset/16394/6LY5.dogsite -v 1' timed out after 59.9999304410303 seconds
Did not work for 16394_100 [Errno 2] No such file or directory: './error_log.csv'
Did not work for 45037_100 [Errno 2] No such file or directory: '/hpi/fs00/share/fg-naumann/lukas.laskowski/Proteins/final_dataset/45037/1RGW_1_A_.dogsite_desc.txt'
Did not work for 42850_100 [Errno 2] No such file or directory: '/hpi/fs00/share/fg-naumann/lukas.laskowski/Proteins/final_dataset/42850/1B3J_1_A_.dogsite_desc.txt'
Did not work for 35894_100 AF will not have files. Skipping that cluster.
Did not work for 31884_100 [Errno 2] No such file or directory: '/hpi/fs00/share/fg-naumann/lukas.laskowski/Proteins/final_dataset/31884/5FJZ_1_A_.dogsite_desc.txt'
Did not work for 3427_100 [Errno 2] No such file or directory: '/hpi/fs00/share/fg-naumann/lukas.laskowski/Proteins/final_dataset/3427/5W5Q_1_A_.dogsite_desc.txt'
Did not work for 16024_100 AF will not have files. Skipping that cluster.
Did not work for 48579_100 AF will not have files. Skipping that cluster.
Did not work for 14297_100 [Errno 2] No such file or directory: '/hpi/fs00/share/fg-naumann/lukas.laskowski/Proteins/final_dataset/14297/1AN2_2_A_.dogsite_desc.txt'
Did not work for 15004_100 AF will not have files. Skipping that cluster.
Did not work for 6448_100 [Errno 2] No such file or directory: '/hpi/fs00/share/fg-naumann/lukas.laskowski/Proteins/final_dataset/6448/1C8M_1_1_.dogsite_desc.txt'
Did not work for 63583_100 [Errno 2] No such file or directory: '/hpi/fs00/share/fg-naumann/lukas.laskowski/Proteins/final_dataset/63583/8EIX_1_A_.dogsite_desc.txt'
Did not work for 19422_100 [Errno 2] No such file or directory: '/hpi/fs00/share/fg-naumann/lukas.laskowski/Proteins/final_dataset/19422/2AYE_1_A_.dogsite_desc.txt'
Did not work for 53553_100 [Errno 2] No such file or directory: '/hpi/fs00/share/fg-naumann/lukas.laskowski/Proteins/final_dataset/53553/4NZR_3_M_.dogsite_desc.txt'
Did not work for 46562_100 [Errno 2] No such file or directory: '/hpi/fs00/share/fg-naumann/lukas.laskowski/Proteins/final_dataset/46562/2D3P_1_A_.dogsite_desc.txt'
Did not work for 6695_100 AF will not have files. Skipping that cluster.
Error executing command occured:  Command '~/Masterarbeit/DogSite3/all_nodes\=linux64ubuntu/dogsite_3.0.0/dogsite -p /hpi/fs00/share/fg-naumann/lukas.laskowski/Proteins/pdb-files//5C0C.pdb -c C -d -o /hpi/fs00/share/fg-naumann/lukas.laskowski/Proteins/final_dataset/55056/5C0C.dogsite -v 1' timed out after 59.99992995901266 seconds
Did not work for 55056_100 [Errno 2] No such file or directory: './error_log.csv'
Did not work for 12014_100 [Errno 2] No such file or directory: '/hpi/fs00/share/fg-naumann/lukas.laskowski/Proteins/final_dataset/12014/2YNA_1_A_.dogsite_desc.txt'
Did not work for 32611_100 [Errno 2] No such file or directory: '/hpi/fs00/share/fg-naumann/lukas.laskowski/Proteins/final_dataset/32611/5VAK_2_B_.dogsite_desc.txt'
Did not work for 34303_100 [Errno 2] No such file or directory: '/hpi/fs00/share/fg-naumann/lukas.laskowski/Proteins/final_dataset/34303/7A0I_1_A_.dogsite_desc.txt'
Did not work for 21914_100 [Errno 2] No such file or directory: '/hpi/fs00/share/fg-naumann/lukas.laskowski/Proteins/final_dataset/21914/8EIY_1_A_.dogsite_desc.txt'
Did not work for 62579_100 Could not download file, therefore skipping the cluster
Did not work for 5828_100 [Errno 2] No such file or directory: '/hpi/fs00/share/fg-naumann/lukas.laskowski/Proteins/final_dataset/5828/2ZKY_1_A_.dogsite_desc.txt'
Did not work for 43889_100 AF will not have files. Skipping that cluster.
Did not work for 51784_100 [Errno 2] No such file or directory: '/hpi/fs00/share/fg-naumann/lukas.laskowski/Proteins/final_dataset/51784/3WMG_1_A_.dogsite_desc.txt'
Did not work for 16855_100 Could not download file, therefore skipping the cluster
Did not work for 60758_100 AF will not have files. Skipping that cluster.
Did not work for 43186_100 [Errno 2] No such file or directory: '/hpi/fs00/share/fg-naumann/lukas.laskowski/Proteins/final_dataset/43186/1DFV_1_A_.dogsite_desc.txt'
Did not work for 10309_100 AF will not have files. Skipping that cluster.
Did not work for 44061_100 [Errno 2] No such file or directory: '/hpi/fs00/share/fg-naumann/lukas.laskowski/Proteins/final_dataset/44061/1JNH_1_A_.dogsite_desc.txt'
Did not work for 16696_100 [Errno 2] No such file or directory: '/hpi/fs00/share/fg-naumann/lukas.laskowski/Proteins/final_dataset/16696/6P2F_1_A_.dogsite_desc.txt'
Did not work for 58072_100 [Errno 2] No such file or directory: '/hpi/fs00/share/fg-naumann/lukas.laskowski/Proteins/final_dataset/58072/6ECU_1_A_.dogsite_desc.txt'
Error executing command occured:  Command '~/Masterarbeit/DogSite3/all_nodes\=linux64ubuntu/dogsite_3.0.0/dogsite -p /hpi/fs00/share/fg-naumann/lukas.laskowski/Proteins/pdb-files//8F3D.pdb -c H -d -o /hpi/fs00/share/fg-naumann/lukas.laskowski/Proteins/final_dataset/64753/8F3D.dogsite -v 1' timed out after 59.9999433439807 seconds
Did not work for 64753_100 [Errno 2] No such file or directory: './error_log.csv'
Did not work for 21304_100 AF will not have files. Skipping that cluster.
Did not work for 43256_100 AF will not have files. Skipping that cluster.
Did not work for 53348_100 [Errno 2] No such file or directory: '/hpi/fs00/share/fg-naumann/lukas.laskowski/Proteins/final_dataset/53348/4M7L_3_H_.dogsite_desc.txt'
Did not work for 48728_100 [Errno 2] No such file or directory: '/hpi/fs00/share/fg-naumann/lukas.laskowski/Proteins/final_dataset/48728/2X9B_1_A_.dogsite_desc.txt'
Did not work for 14284_100 [Errno 2] No such file or directory: '/hpi/fs00/share/fg-naumann/lukas.laskowski/Proteins/final_dataset/14284/1AA6_1_A_.dogsite_desc.txt'
Did not work for 2235_100 [Errno 2] No such file or directory: '/hpi/fs00/share/fg-naumann/lukas.laskowski/Proteins/final_dataset/2235/1W13_1_U_.dogsite_desc.txt'
Did not work for 56010_100 AF will not have files. Skipping that cluster.
Did not work for 47618_100 [Errno 2] No such file or directory: '/hpi/fs00/share/fg-naumann/lukas.laskowski/Proteins/final_dataset/47618/2LF4_1_A_.dogsite_desc.txt'
Did not work for 63937_100 Could not download file, therefore skipping the cluster
Did not work for 23363_100 [Errno 2] No such file or directory: '/hpi/fs00/share/fg-naumann/lukas.laskowski/Proteins/final_dataset/23363/7F0B_1_A_.dogsite_desc.txt'
Error executing command occured:  Command '~/Masterarbeit/DogSite3/all_nodes\=linux64ubuntu/dogsite_3.0.0/dogsite -p /hpi/fs00/share/fg-naumann/lukas.laskowski/Proteins/pdb-files//6RUR.pdb -c U -d -o /hpi/fs00/share/fg-naumann/lukas.laskowski/Proteins/final_dataset/59842/6RUR.dogsite -v 1' timed out after 59.99993398797233 seconds
Did not work for 59842_100 [Errno 2] No such file or directory: './error_log.csv'
Did not work for 51659_100 [Errno 2] No such file or directory: '/hpi/fs00/share/fg-naumann/lukas.laskowski/Proteins/final_dataset/51659/3VJZ_1_A_.dogsite_desc.txt'
Did not work for 13383_100 Could not download file, therefore skipping the cluster
Did not work for 55185_100 [Errno 2] No such file or directory: '/hpi/fs00/share/fg-naumann/lukas.laskowski/Proteins/final_dataset/55185/5D8K_2_B_.dogsite_desc.txt'
Did not work for 27986_100 AF will not have files. Skipping that cluster.
Did not work for 45103_100 AF will not have files. Skipping that cluster.
Did not work for 35166_100 Could not download file, therefore skipping the cluster
Did not work for 34899_100 AF will not have files. Skipping that cluster.
Did not work for 28781_100 [Errno 2] No such file or directory: '/hpi/fs00/share/fg-naumann/lukas.laskowski/Proteins/final_dataset/28781/2QSH_3_A_.dogsite_desc.txt'
Did not work for 50053_100 AF will not have files. Skipping that cluster.
Error executing command occured:  Command '~/Masterarbeit/DogSite3/all_nodes\=linux64ubuntu/dogsite_3.0.0/dogsite -p /hpi/fs00/share/fg-naumann/lukas.laskowski/Proteins/pdb-files//4XAU.pdb -c A -d -o /hpi/fs00/share/fg-naumann/lukas.laskowski/Proteins/final_dataset/54560/4XAU.dogsite -v 1' timed out after 59.999944195966236 seconds
Did not work for 54560_100 [Errno 2] No such file or directory: './error_log.csv'
Did not work for 9965_100 [Errno 2] No such file or directory: '/hpi/fs00/share/fg-naumann/lukas.laskowski/Proteins/final_dataset/9965/3ZFG_3_C_.dogsite_desc.txt'
Did not work for 53124_100 [Errno 2] No such file or directory: '/hpi/fs00/share/fg-naumann/lukas.laskowski/Proteins/final_dataset/53124/4K8R_3_C_.dogsite_desc.txt'
Did not work for 32105_100 [Errno 2] No such file or directory: '/hpi/fs00/share/fg-naumann/lukas.laskowski/Proteins/final_dataset/32105/5JS4_1_A_.dogsite_desc.txt'
Did not work for 47622_100 [Errno 2] No such file or directory: '/hpi/fs00/share/fg-naumann/lukas.laskowski/Proteins/final_dataset/47622/2LGE_1_A_.dogsite_desc.txt'
Did not work for 49410_100 AF will not have files. Skipping that cluster.
Did not work for 3837_100 AF will not have files. Skipping that cluster.
Did not work for 23416_100 [Errno 2] No such file or directory: '/hpi/fs00/share/fg-naumann/lukas.laskowski/Proteins/final_dataset/23416/7KVS_1_A_.dogsite_desc.txt'
Did not work for 8017_100 [Errno 2] No such file or directory: '/hpi/fs00/share/fg-naumann/lukas.laskowski/Proteins/final_dataset/8017/2HCV_1_A_.dogsite_desc.txt'
Did not work for 45389_100 [Errno 2] No such file or directory: '/hpi/fs00/share/fg-naumann/lukas.laskowski/Proteins/final_dataset/45389/1TVG_1_A_.dogsite_desc.txt'
Did not work for 6914_100 Could not download file, therefore skipping the cluster
Did not work for 12324_100 AF will not have files. Skipping that cluster.
Did not work for 55288_100 Could not download file, therefore skipping the cluster
Did not work for 53175_100 [Errno 2] No such file or directory: '/hpi/fs00/share/fg-naumann/lukas.laskowski/Proteins/final_dataset/53175/4KPQ_1_A_.dogsite_desc.txt'
Did not work for 61572_100 AF will not have files. Skipping that cluster.
Did not work for 63486_100 Could not download file, therefore skipping the cluster
Did not work for 23635_100 AF will not have files. Skipping that cluster.
Did not work for 33707_100 [Errno 2] No such file or directory: '/hpi/fs00/share/fg-naumann/lukas.laskowski/Proteins/final_dataset/33707/6PLP_1_A_.dogsite_desc.txt'
Did not work for 15375_100 AF will not have files. Skipping that cluster.
Did not work for 28795_100 [Errno 2] No such file or directory: '/hpi/fs00/share/fg-naumann/lukas.laskowski/Proteins/final_dataset/28795/2R3W_1_A_.dogsite_desc.txt'
Did not work for 1646_100 Could not download file, therefore skipping the cluster
Did not work for 16325_100 [Errno 2] No such file or directory: '/hpi/fs00/share/fg-naumann/lukas.laskowski/Proteins/final_dataset/16325/5VQ0_1_A_.dogsite_desc.txt'
Did not work for 45188_100 [Errno 2] No such file or directory: '/hpi/fs00/share/fg-naumann/lukas.laskowski/Proteins/final_dataset/45188/2IT5_1_A_.dogsite_desc.txt'
Did not work for 35562_100 AF will not have files. Skipping that cluster.
Did not work for 49601_100 [Errno 2] No such file or directory: '/hpi/fs00/share/fg-naumann/lukas.laskowski/Proteins/final_dataset/49601/3EWO_1_A_.dogsite_desc.txt'
Did not work for 21523_100 AF will not have files. Skipping that cluster.
Did not work for 53586_100 [Errno 2] No such file or directory: '/hpi/fs00/share/fg-naumann/lukas.laskowski/Proteins/final_dataset/53586/4O9P_2_D_.dogsite_desc.txt'
Did not work for 32945_100 AF will not have files. Skipping that cluster.
Did not work for 26856_100 AF will not have files. Skipping that cluster.
Did not work for 55992_100 [Errno 2] No such file or directory: '/hpi/fs00/share/fg-naumann/lukas.laskowski/Proteins/final_dataset/55992/5K04_2_B_.dogsite_desc.txt'
Did not work for 57130_100 [Errno 2] No such file or directory: '/hpi/fs00/share/fg-naumann/lukas.laskowski/Proteins/final_dataset/57130/5YPX_1_A_.dogsite_desc.txt'
Did not work for 15955_100 Could not download file, therefore skipping the cluster
Did not work for 30722_100 [Errno 2] No such file or directory: '/hpi/fs00/share/fg-naumann/lukas.laskowski/Proteins/final_dataset/30722/4HQV_1_A_.dogsite_desc.txt'
Did not work for 51640_100 [Errno 2] No such file or directory: '/hpi/fs00/share/fg-naumann/lukas.laskowski/Proteins/final_dataset/51640/3VGG_1_A_.dogsite_desc.txt'
Did not work for 28121_100 AF will not have files. Skipping that cluster.
Did not work for 28048_100 [Errno 2] No such file or directory: '/hpi/fs00/share/fg-naumann/lukas.laskowski/Proteins/final_dataset/28048/3L01_1_A_.dogsite_desc.txt'
Did not work for 15206_100 [Errno 2] No such file or directory: '/hpi/fs00/share/fg-naumann/lukas.laskowski/Proteins/final_dataset/15206/2W7L_1_A_.dogsite_desc.txt'
Did not work for 23884_100 AF will not have files. Skipping that cluster.
Did not work for 12906_100 AF will not have files. Skipping that cluster.
Did not work for 62258_100 [Errno 2] No such file or directory: '/hpi/fs00/share/fg-naumann/lukas.laskowski/Proteins/final_dataset/62258/7LTO_2_B_.dogsite_desc.txt'
Did not work for 61041_100 [Errno 2] No such file or directory: '/hpi/fs00/share/fg-naumann/lukas.laskowski/Proteins/final_dataset/61041/7A7S_1_A_.dogsite_desc.txt'
Did not work for 1410_100 Could not download file, therefore skipping the cluster
Did not work for 57860_100 [Errno 2] No such file or directory: '/hpi/fs00/share/fg-naumann/lukas.laskowski/Proteins/final_dataset/57860/6CPM_1_C_.dogsite_desc.txt'
Did not work for 11459_100 AF will not have files. Skipping that cluster.
Did not work for 52090_100 AF will not have files. Skipping that cluster.
Did not work for 33112_100 [Errno 2] No such file or directory: '/hpi/fs00/share/fg-naumann/lukas.laskowski/Proteins/final_dataset/33112/6EN1_1_A_.dogsite_desc.txt'
Did not work for 50419_100 [Errno 2] No such file or directory: '/hpi/fs00/share/fg-naumann/lukas.laskowski/Proteins/final_dataset/50419/3L8C_1_A_.dogsite_desc.txt'
Did not work for 52355_100 AF will not have files. Skipping that cluster.
Did not work for 10220_100 Could not download file, therefore skipping the cluster
Did not work for 53580_100 [Errno 2] No such file or directory: '/hpi/fs00/share/fg-naumann/lukas.laskowski/Proteins/final_dataset/53580/5CHI_1_A_.dogsite_desc.txt'
Did not work for 26487_100 [Errno 2] No such file or directory: '/hpi/fs00/share/fg-naumann/lukas.laskowski/Proteins/final_dataset/26487/1FSK_1_A_.dogsite_desc.txt'
Did not work for 8777_100 Could not download file, therefore skipping the cluster
Did not work for 32660_100 [Errno 2] No such file or directory: '/hpi/fs00/share/fg-naumann/lukas.laskowski/Proteins/final_dataset/32660/5W42_2_B_.dogsite_desc.txt'
Error executing command occured:  Command '~/Masterarbeit/DogSite3/all_nodes\=linux64ubuntu/dogsite_3.0.0/dogsite -p /hpi/fs00/share/fg-naumann/lukas.laskowski/Proteins/pdb-files//8DFS.pdb -c I -d -o /hpi/fs00/share/fg-naumann/lukas.laskowski/Proteins/final_dataset/17373/8DFS.dogsite -v 1' timed out after 59.999940418987535 seconds
Did not work for 17373_100 [Errno 2] No such file or directory: './error_log.csv'
Did not work for 22139_100 [Errno 2] No such file or directory: '/hpi/fs00/share/fg-naumann/lukas.laskowski/Proteins/final_dataset/22139/6TJ7_2_B_.dogsite_desc.txt'
Did not work for 22595_100 AF will not have files. Skipping that cluster.
Did not work for 58613_100 [Errno 2] No such file or directory: '/hpi/fs00/share/fg-naumann/lukas.laskowski/Proteins/final_dataset/58613/6IRV_1_A_.dogsite_desc.txt'
Did not work for 10630_100 [Errno 2] No such file or directory: '/hpi/fs00/share/fg-naumann/lukas.laskowski/Proteins/final_dataset/10630/7PLA_1_A_.dogsite_desc.txt'
Error executing command occured:  Command '~/Masterarbeit/DogSite3/all_nodes\=linux64ubuntu/dogsite_3.0.0/dogsite -p /hpi/fs00/share/fg-naumann/lukas.laskowski/Proteins/pdb-files//6EL1.pdb -c E -d -o /hpi/fs00/share/fg-naumann/lukas.laskowski/Proteins/final_dataset/58091/6EL1.dogsite -v 1' timed out after 59.999934327963274 seconds
Did not work for 58091_100 [Errno 2] No such file or directory: './error_log.csv'
Did not work for 268_100 Could not download file, therefore skipping the cluster
Did not work for 1496_100 Could not download file, therefore skipping the cluster
Did not work for 54489_100 [Errno 2] No such file or directory: '/hpi/fs00/share/fg-naumann/lukas.laskowski/Proteins/final_dataset/54489/4WNF_2_B_.dogsite_desc.txt'
Did not work for 64045_100 [Errno 2] No such file or directory: '/hpi/fs00/share/fg-naumann/lukas.laskowski/Proteins/final_dataset/64045/7X8R_5_R_.dogsite_desc.txt'
Did not work for 59485_100 [Errno 2] No such file or directory: '/hpi/fs00/share/fg-naumann/lukas.laskowski/Proteins/final_dataset/59485/6OZ2_2_H_.dogsite_desc.txt'
Did not work for 62094_100 AF will not have files. Skipping that cluster.
Did not work for 23099_100 Could not download file, therefore skipping the cluster
Did not work for 53439_100 AF will not have files. Skipping that cluster.
Error executing command occured:  Command '~/Masterarbeit/DogSite3/all_nodes\=linux64ubuntu/dogsite_3.0.0/dogsite -p /hpi/fs00/share/fg-naumann/lukas.laskowski/Proteins/pdb-files//7QQF.pdb -c A -d -o /hpi/fs00/share/fg-naumann/lukas.laskowski/Proteins/final_dataset/63048/7QQF.dogsite -v 1' timed out after 59.999950779019855 seconds
Did not work for 63048_100 [Errno 2] No such file or directory: './error_log.csv'
Did not work for 23561_100 Could not download file, therefore skipping the cluster
Did not work for 51828_100 AF will not have files. Skipping that cluster.
Did not work for 33196_100 AF will not have files. Skipping that cluster.
Did not work for 45557_100 [Errno 2] No such file or directory: '/hpi/fs00/share/fg-naumann/lukas.laskowski/Proteins/final_dataset/45557/1VBI_1_A_.dogsite_desc.txt'
Did not work for 14343_100 AF will not have files. Skipping that cluster.
Did not work for 58406_100 [Errno 2] No such file or directory: '/hpi/fs00/share/fg-naumann/lukas.laskowski/Proteins/final_dataset/58406/6H6C_1_A_.dogsite_desc.txt'
Did not work for 14601_100 [Errno 2] No such file or directory: '/hpi/fs00/share/fg-naumann/lukas.laskowski/Proteins/final_dataset/14601/2KEK_1_A_.dogsite_desc.txt'
Did not work for 56272_100 AF will not have files. Skipping that cluster.
Did not work for 10355_100 [Errno 2] No such file or directory: '/hpi/fs00/share/fg-naumann/lukas.laskowski/Proteins/final_dataset/10355/7R9T_1_A_.dogsite_desc.txt'
Did not work for 772_100 AF will not have files. Skipping that cluster.
Error executing command occured:  Command '~/Masterarbeit/DogSite3/all_nodes\=linux64ubuntu/dogsite_3.0.0/dogsite -p /hpi/fs00/share/fg-naumann/lukas.laskowski/Proteins/pdb-files//7ZAI.pdb -c 6 -d -o /hpi/fs00/share/fg-naumann/lukas.laskowski/Proteins/final_dataset/23906/7ZAI.dogsite -v 1' timed out after 59.99994071898982 seconds
Did not work for 23906_100 [Errno 2] No such file or directory: './error_log.csv'
